<?xml version="1.0" encoding="UTF-8"?>
<!-- Generated by org.testng.reporters.JUnitReportReporter -->
<testsuite hostname="LAPTOP-669NMI7G" failures="0" tests="1" name="testCases.TC_001_AccountRegistrationTest" time="2.612" errors="0" timestamp="2025-03-10T13:10:51 IST" skipped="0">
  <testcase classname="testCases.TC_001_AccountRegistrationTest" name="verify_account_registration" time="2.612"/>
</testsuite> <!-- testCases.TC_001_AccountRegistrationTest -->
